                                                                                            [I 2025-05-30 08:49:39,646] Trial 34 pruned. 
Best trial: 11. Best value: 0.504478:  68%|██████▊   | 34/50 [20:39:14<7:25:48, 1671.75s/it]Best trial: 11. Best value: 0.504478:  68%|██████▊   | 34/50 [20:39:14<7:25:48, 1671.75s/it]Best trial: 11. Best value: 0.504478:  70%|███████   | 35/50 [20:39:14<6:36:36, 1586.43s/it]35: subject=29, corr=0.2540170496398978
                                                                                            [I 2025-05-30 09:16:58,340] Trial 35 pruned. 
Best trial: 11. Best value: 0.504478:  70%|███████   | 35/50 [21:06:33<6:36:36, 1586.43s/it]Best trial: 11. Best value: 0.504478:  70%|███████   | 35/50 [21:06:33<6:36:36, 1586.43s/it]Best trial: 11. Best value: 0.504478:  72%|███████▏  | 36/50 [21:06:33<6:13:49, 1602.11s/it]36: subject=19, corr=0.1777100844732605
                                                                                            [I 2025-05-30 09:33:06,111] Trial 36 pruned. 
Best trial: 11. Best value: 0.504478:  72%|███████▏  | 36/50 [21:22:41<6:13:49, 1602.11s/it]Best trial: 11. Best value: 0.504478:  72%|███████▏  | 36/50 [21:22:41<6:13:49, 1602.11s/it]Best trial: 11. Best value: 0.504478:  74%|███████▍  | 37/50 [21:22:41<5:05:53, 1411.81s/it]37: subject=97, corr=0.31931531696206655
                                                                                            [I 2025-05-30 10:03:01,719] Trial 37 pruned. 
Best trial: 11. Best value: 0.504478:  74%|███████▍  | 37/50 [21:52:36<5:05:53, 1411.81s/it]Best trial: 11. Best value: 0.504478:  74%|███████▍  | 37/50 [21:52:36<5:05:53, 1411.81s/it]Best trial: 11. Best value: 0.504478:  76%|███████▌  | 38/50 [21:52:36<5:05:23, 1526.95s/it]