Using DEVICE = cuda
[DataLoader] Loaded 100 subjects.
[I 2025-05-29 12:10:24,952] A new study created in RDB with name: whobpyt_base_new
[INFO] Launching optimisation: 50 trials, 1 workers
  0%|          | 0/50 [00:00<?, ?it/s]0: subject=99, corr=0.2614581929618869
                                      [I 2025-05-29 12:39:06,212] Trial 0 finished with value: 0.2614581929618869 and parameters: {'g': 24.156772025296227, 'step_size': 0.06598978939358487, 'chunk': 50, 'lr': 0.0006573214670265974, 'lambda_rate': 0.05529285102861934, 'lambda_spec': 0.08018721775350193, 'lambda_disp': 0.09581393536837052}. Best is trial 0 with value: 0.2614581929618869.
  0%|          | 0/50 [28:41<?, ?it/s]Best trial: 0. Best value: 0.261458:   0%|          | 0/50 [28:41<?, ?it/s]Best trial: 0. Best value: 0.261458:   2%|▏         | 1/50 [28:41<23:25:43, 1721.29s/it]1: subject=75, corr=0.14454473866040612
                                                                                        [I 2025-05-29 13:45:10,370] Trial 1 finished with value: 0.14454473866040612 and parameters: {'g': 564.7617424572878, 'step_size': 0.04220355429620801, 'chunk': 100, 'lr': 0.0012904829303853464, 'lambda_rate': 0.112239237213125, 'lambda_spec': 0.050308316530780973, 'lambda_disp': 0.0013768449590682243}. Best is trial 0 with value: 0.2614581929618869.
Best trial: 0. Best value: 0.261458:   2%|▏         | 1/50 [1:34:45<23:25:43, 1721.29s/it]Best trial: 0. Best value: 0.261458:   2%|▏         | 1/50 [1:34:45<23:25:43, 1721.29s/it]Best trial: 0. Best value: 0.261458:   4%|▍         | 2/50 [1:34:45<40:32:30, 3040.63s/it]2: subject=86, corr=0.11676880373810229
                                                                                          [I 2025-05-29 14:15:53,634] Trial 2 finished with value: 0.11676880373810229 and parameters: {'g': 351.27985370167204, 'step_size': 0.0894377071572505, 'chunk': 50, 'lr': 0.0012778268753495946, 'lambda_rate': 0.18662802039650433, 'lambda_spec': 0.06513781432265774, 'lambda_disp': 0.039720257772615425}. Best is trial 0 with value: 0.2614581929618869.
Best trial: 0. Best value: 0.261458:   4%|▍         | 2/50 [2:05:28<40:32:30, 3040.63s/it]Best trial: 0. Best value: 0.261458:   4%|▍         | 2/50 [2:05:28<40:32:30, 3040.63s/it]Best trial: 0. Best value: 0.261458:   6%|▌         | 3/50 [2:05:28<32:33:32, 2493.89s/it]3: subject=83, corr=0.25890422983372835
                                                                                          [I 2025-05-29 15:27:26,332] Trial 3 finished with value: 0.25890422983372835 and parameters: {'g': 377.9725719676951, 'step_size': 0.03851525099519842, 'chunk': 50, 'lr': 0.0254942902698997, 'lambda_rate': 0.028753364902912915, 'lambda_spec': 0.07042609711183355, 'lambda_disp': 0.07045813081895726}. Best is trial 0 with value: 0.2614581929618869.
Best trial: 0. Best value: 0.261458:   6%|▌         | 3/50 [3:17:01<32:33:32, 2493.89s/it]Best trial: 0. Best value: 0.261458:   6%|▌         | 3/50 [3:17:01<32:33:32, 2493.89s/it]Best trial: 0. Best value: 0.261458:   8%|▊         | 4/50 [3:17:01<40:56:25, 3204.04s/it]4: subject=13, corr=0.03270310175742294
                                                                                          [I 2025-05-29 15:48:54,828] Trial 4 finished with value: 0.03270310175742294 and parameters: {'g': 27.38950675707488, 'step_size': 0.09323808657540086, 'chunk': 50, 'lr': 0.0003571587147271121, 'lambda_rate': 0.009471055760303028, 'lambda_spec': 0.06748809435823303, 'lambda_disp': 0.05946247799344489}. Best is trial 0 with value: 0.2614581929618869.
Best trial: 0. Best value: 0.261458:   8%|▊         | 4/50 [3:38:29<40:56:25, 3204.04s/it]Best trial: 0. Best value: 0.261458:   8%|▊         | 4/50 [3:38:29<40:56:25, 3204.04s/it]Best trial: 0. Best value: 0.261458:  10%|█         | 5/50 [3:38:29<31:24:57, 2513.28s/it]5: subject=7, corr=0.16928548565271792
                                                                                          [I 2025-05-29 17:49:55,931] Trial 5 finished with value: 0.16928548565271792 and parameters: {'g': 116.57900008631262, 'step_size': 0.013899165642532314, 'chunk': 30, 'lr': 0.00021661221968940112, 'lambda_rate': 0.12143874124369691, 'lambda_spec': 0.05659446430505314, 'lambda_disp': 0.000676406199000279}. Best is trial 0 with value: 0.2614581929618869.
Best trial: 0. Best value: 0.261458:  10%|█         | 5/50 [5:39:30<31:24:57, 2513.28s/it]Best trial: 0. Best value: 0.261458:  10%|█         | 5/50 [5:39:31<31:24:57, 2513.28s/it]Best trial: 0. Best value: 0.261458:  12%|█▏        | 6/50 [5:39:31<50:26:51, 4127.54s/it]6: subject=63, corr=0.45365991704953873
                                                                                          [I 2025-05-29 18:20:23,707] Trial 6 finished with value: 0.45365991704953873 and parameters: {'g': 171.74472922154294, 'step_size': 0.0920910597789839, 'chunk': 50, 'lr': 0.02376251510147171, 'lambda_rate': 0.05705019200490196, 'lambda_spec': 0.062491670530591105, 'lambda_disp': 0.04780937956706746}. Best is trial 6 with value: 0.45365991704953873.
Best trial: 0. Best value: 0.261458:  12%|█▏        | 6/50 [6:09:58<50:26:51, 4127.54s/it]Best trial: 6. Best value: 0.45366:  12%|█▏        | 6/50 [6:09:58<50:26:51, 4127.54s/it] Best trial: 6. Best value: 0.45366:  14%|█▍        | 7/50 [6:09:58<40:19:14, 3375.69s/it]7: subject=93, corr=0.12405143822747108
                                                                                         [I 2025-05-29 19:25:29,493] Trial 7 pruned. 
Best trial: 6. Best value: 0.45366:  14%|█▍        | 7/50 [7:15:04<40:19:14, 3375.69s/it]Best trial: 6. Best value: 0.45366:  14%|█▍        | 7/50 [7:15:04<40:19:14, 3375.69s/it]Best trial: 6. Best value: 0.45366:  16%|█▌        | 8/50 [7:15:04<41:21:06, 3544.45s/it]8: subject=97, corr=0.22443420195258787
                                                                                         [I 2025-05-29 21:46:24,246] Trial 8 finished with value: 0.22443420195258787 and parameters: {'g': 87.75362559270374, 'step_size': 0.01964141354744797, 'chunk': 50, 'lr': 0.004050932322086305, 'lambda_rate': 0.0012417033174258797, 'lambda_spec': 0.030064170577030116, 'lambda_disp': 0.04368931721756102}. Best is trial 6 with value: 0.45365991704953873.
Best trial: 6. Best value: 0.45366:  16%|█▌        | 8/50 [9:35:59<41:21:06, 3544.45s/it]Best trial: 6. Best value: 0.45366:  16%|█▌        | 8/50 [9:35:59<41:21:06, 3544.45s/it]Best trial: 6. Best value: 0.45366:  18%|█▊        | 9/50 [9:35:59<57:50:58, 5079.48s/it]9: subject=36, corr=0.3877428075165399
                                                                                         [I 2025-05-29 22:16:51,438] Trial 9 finished with value: 0.3877428075165399 and parameters: {'g': 167.6092543926994, 'step_size': 0.09263782678425159, 'chunk': 50, 'lr': 0.017305742103426898, 'lambda_rate': 0.16620139848670756, 'lambda_spec': 0.06337257689509791, 'lambda_disp': 0.04383098811224276}. Best is trial 6 with value: 0.45365991704953873.
Best trial: 6. Best value: 0.45366:  18%|█▊        | 9/50 [10:06:26<57:50:58, 5079.48s/it]Best trial: 6. Best value: 0.45366:  18%|█▊        | 9/50 [10:06:26<57:50:58, 5079.48s/it]Best trial: 6. Best value: 0.45366:  20%|██        | 10/50 [10:06:26<45:16:57, 4075.44s/it]10: subject=97, corr=0.46664556218492537
                                                                                           [I 2025-05-29 22:39:43,712] Trial 10 finished with value: 0.46664556218492537 and parameters: {'g': 75.4041620844619, 'step_size': 0.07077363300767882, 'chunk': 30, 'lr': 0.08749818750157289, 'lambda_rate': 0.07262176103708087, 'lambda_spec': 0.09478972924273744, 'lambda_disp': 0.02156933467161981}. Best is trial 10 with value: 0.46664556218492537.
Best trial: 6. Best value: 0.45366:  20%|██        | 10/50 [10:29:18<45:16:57, 4075.44s/it]Best trial: 10. Best value: 0.466646:  20%|██        | 10/50 [10:29:18<45:16:57, 4075.44s/it]Best trial: 10. Best value: 0.466646:  22%|██▏       | 11/50 [10:29:18<35:11:17, 3248.13s/it]11: subject=64, corr=0.5044782428243065
                                                                                             [I 2025-05-29 23:03:00,578] Trial 11 finished with value: 0.5044782428243065 and parameters: {'g': 61.750586236863285, 'step_size': 0.07169325358164932, 'chunk': 30, 'lr': 0.07840659962009063, 'lambda_rate': 0.06866054140372788, 'lambda_spec': 0.09947325308671717, 'lambda_disp': 0.024177320179332485}. Best is trial 11 with value: 0.5044782428243065.
Best trial: 10. Best value: 0.466646:  22%|██▏       | 11/50 [10:52:35<35:11:17, 3248.13s/it]Best trial: 11. Best value: 0.504478:  22%|██▏       | 11/50 [10:52:35<35:11:17, 3248.13s/it]Best trial: 11. Best value: 0.504478:  24%|██▍       | 12/50 [10:52:35<28:20:28, 2684.95s/it]12: subject=15, corr=0.4813427564910675
                                                                                             [I 2025-05-29 23:17:31,580] Trial 12 finished with value: 0.4813427564910675 and parameters: {'g': 63.89667347941501, 'step_size': 0.0719196458745219, 'chunk': 30, 'lr': 0.07609326277648618, 'lambda_rate': 0.08169211006765864, 'lambda_spec': 0.09885625648408057, 'lambda_disp': 0.021366928484456107}. Best is trial 11 with value: 0.5044782428243065.
Best trial: 11. Best value: 0.504478:  24%|██▍       | 12/50 [11:07:06<28:20:28, 2684.95s/it]Best trial: 11. Best value: 0.504478:  24%|██▍       | 12/50 [11:07:06<28:20:28, 2684.95s/it]Best trial: 11. Best value: 0.504478:  26%|██▌       | 13/50 [11:07:06<21:56:51, 2135.44s/it]13: subject=57, corr=0.36744030538093553
                                                                                             [I 2025-05-29 23:38:08,046] Trial 13 finished with value: 0.36744030538093553 and parameters: {'g': 58.56871494556484, 'step_size': 0.07335466083691555, 'chunk': 30, 'lr': 0.06674923914039942, 'lambda_rate': 0.08822908766908459, 'lambda_spec': 0.09750100008258238, 'lambda_disp': 0.021136390665712258}. Best is trial 11 with value: 0.5044782428243065.
Best trial: 11. Best value: 0.504478:  26%|██▌       | 13/50 [11:27:43<21:56:51, 2135.44s/it]Best trial: 11. Best value: 0.504478:  26%|██▌       | 13/50 [11:27:43<21:56:51, 2135.44s/it]Best trial: 11. Best value: 0.504478:  28%|██▊       | 14/50 [11:27:43<18:38:20, 1863.91s/it]14: subject=49, corr=0.10687772266738244
                                                                                             [I 2025-05-30 00:03:37,020] Trial 14 pruned. 
Best trial: 11. Best value: 0.504478:  28%|██▊       | 14/50 [11:53:12<18:38:20, 1863.91s/it]Best trial: 11. Best value: 0.504478:  28%|██▊       | 14/50 [11:53:12<18:38:20, 1863.91s/it]Best trial: 11. Best value: 0.504478:  30%|███       | 15/50 [11:53:12<17:08:23, 1762.95s/it]15: subject=15, corr=0.47000394791936967
                                                                                             [I 2025-05-30 00:21:59,168] Trial 15 finished with value: 0.47000394791936967 and parameters: {'g': 46.079547867746946, 'step_size': 0.07908821248287709, 'chunk': 30, 'lr': 0.04919219841858227, 'lambda_rate': 0.08953624059706601, 'lambda_spec': 0.08655401144579791, 'lambda_disp': 0.031008401477207438}. Best is trial 11 with value: 0.5044782428243065.
Best trial: 11. Best value: 0.504478:  30%|███       | 15/50 [12:11:34<17:08:23, 1762.95s/it]Best trial: 11. Best value: 0.504478:  30%|███       | 15/50 [12:11:34<17:08:23, 1762.95s/it]Best trial: 11. Best value: 0.504478:  32%|███▏      | 16/50 [12:11:34<14:46:17, 1564.05s/it]16: subject=93, corr=0.20347166428962193
                                                                                             [I 2025-05-30 00:51:01,178] Trial 16 pruned. 
Best trial: 11. Best value: 0.504478:  32%|███▏      | 16/50 [12:40:36<14:46:17, 1564.05s/it]Best trial: 11. Best value: 0.504478:  32%|███▏      | 16/50 [12:40:36<14:46:17, 1564.05s/it]Best trial: 11. Best value: 0.504478:  34%|███▍      | 17/50 [12:40:36<14:49:39, 1617.56s/it]17: subject=93, corr=0.4064967148529496
                                                                                             [I 2025-05-30 01:08:31,693] Trial 17 finished with value: 0.4064967148529496 and parameters: {'g': 985.1390225821635, 'step_size': 0.08002984436304306, 'chunk': 30, 'lr': 0.035775238638564, 'lambda_rate': 0.1383580086454232, 'lambda_spec': 0.0994187952264766, 'lambda_disp': 0.02850732042097536}. Best is trial 11 with value: 0.5044782428243065.
Best trial: 11. Best value: 0.504478:  34%|███▍      | 17/50 [12:58:06<14:49:39, 1617.56s/it]Best trial: 11. Best value: 0.504478:  34%|███▍      | 17/50 [12:58:06<14:49:39, 1617.56s/it]Best trial: 11. Best value: 0.504478:  36%|███▌      | 18/50 [12:58:06<12:51:49, 1447.17s/it]18: subject=82, corr=0.28456398333247307
                                                                                             [I 2025-05-30 01:36:02,370] Trial 18 pruned. 
Best trial: 11. Best value: 0.504478:  36%|███▌      | 18/50 [13:25:37<12:51:49, 1447.17s/it]Best trial: 11. Best value: 0.504478:  36%|███▌      | 18/50 [13:25:37<12:51:49, 1447.17s/it]Best trial: 11. Best value: 0.504478:  38%|███▊      | 19/50 [13:25:37<12:59:17, 1508.29s/it]19: subject=16, corr=0.3650038292784161
                                                                                             [I 2025-05-30 02:35:13,578] Trial 19 pruned. 
Best trial: 11. Best value: 0.504478:  38%|███▊      | 19/50 [14:24:48<12:59:17, 1508.29s/it]Best trial: 11. Best value: 0.504478:  38%|███▊      | 19/50 [14:24:48<12:59:17, 1508.29s/it]Best trial: 11. Best value: 0.504478:  40%|████      | 20/50 [14:24:48<17:40:49, 2121.66s/it]20: subject=33, corr=0.41095740199151476
                                                                                             [I 2025-05-30 02:57:09,806] Trial 20 finished with value: 0.41095740199151476 and parameters: {'g': 246.78638520054574, 'step_size': 0.08241839460075268, 'chunk': 30, 'lr': 0.014235800176288066, 'lambda_rate': 0.07769533753079319, 'lambda_spec': 0.010522777162353392, 'lambda_disp': 0.03430748011445597}. Best is trial 11 with value: 0.5044782428243065.
Best trial: 11. Best value: 0.504478:  40%|████      | 20/50 [14:46:44<17:40:49, 2121.66s/it]Best trial: 11. Best value: 0.504478:  40%|████      | 20/50 [14:46:44<17:40:49, 2121.66s/it]Best trial: 11. Best value: 0.504478:  42%|████▏     | 21/50 [14:46:44<15:08:36, 1879.89s/it]21: subject=39, corr=0.43185787677630544
                                                                                             [I 2025-05-30 03:14:00,887] Trial 21 finished with value: 0.43185787677630544 and parameters: {'g': 44.9034440444071, 'step_size': 0.07851319822366369, 'chunk': 30, 'lr': 0.04560889236810626, 'lambda_rate': 0.09352961079979058, 'lambda_spec': 0.08630551491214877, 'lambda_disp': 0.031529437906254135}. Best is trial 11 with value: 0.5044782428243065.
Best trial: 11. Best value: 0.504478:  42%|████▏     | 21/50 [15:03:35<15:08:36, 1879.89s/it]Best trial: 11. Best value: 0.504478:  42%|████▏     | 21/50 [15:03:35<15:08:36, 1879.89s/it]Best trial: 11. Best value: 0.504478:  44%|████▍     | 22/50 [15:03:35<12:35:36, 1619.15s/it]22: subject=14, corr=0.44114862470609945
                                                                                             [I 2025-05-30 03:26:16,122] Trial 22 finished with value: 0.44114862470609945 and parameters: {'g': 51.74634606060402, 'step_size': 0.0988465346621821, 'chunk': 30, 'lr': 0.04141631819912976, 'lambda_rate': 0.0376833323647265, 'lambda_spec': 0.08908263507838114, 'lambda_disp': 0.011407935833045762}. Best is trial 11 with value: 0.5044782428243065.
Best trial: 11. Best value: 0.504478:  44%|████▍     | 22/50 [15:15:51<12:35:36, 1619.15s/it]Best trial: 11. Best value: 0.504478:  44%|████▍     | 22/50 [15:15:51<12:35:36, 1619.15s/it]Best trial: 11. Best value: 0.504478:  46%|████▌     | 23/50 [15:15:51<10:09:15, 1353.90s/it]23: subject=72, corr=0.2787910974771766
                                                                                             [I 2025-05-30 03:50:27,594] Trial 23 pruned. 
Best trial: 11. Best value: 0.504478:  46%|████▌     | 23/50 [15:40:02<10:09:15, 1353.90s/it]Best trial: 11. Best value: 0.504478:  46%|████▌     | 23/50 [15:40:02<10:09:15, 1353.90s/it]Best trial: 11. Best value: 0.504478:  48%|████▊     | 24/50 [15:40:02<9:59:22, 1383.18s/it] 24: subject=76, corr=0.4252257443582728
                                                                                            [I 2025-05-30 04:02:15,319] Trial 24 finished with value: 0.4252257443582728 and parameters: {'g': 34.13458471660227, 'step_size': 0.08429689460143452, 'chunk': 30, 'lr': 0.03204573615502512, 'lambda_rate': 0.0866594347930447, 'lambda_spec': 0.09039500495279934, 'lambda_disp': 0.015591449376811653}. Best is trial 11 with value: 0.5044782428243065.
Best trial: 11. Best value: 0.504478:  48%|████▊     | 24/50 [15:51:50<9:59:22, 1383.18s/it]Best trial: 11. Best value: 0.504478:  48%|████▊     | 24/50 [15:51:50<9:59:22, 1383.18s/it]Best trial: 11. Best value: 0.504478:  50%|█████     | 25/50 [15:51:50<8:11:53, 1180.52s/it]25: subject=22, corr=0.23294614021778987
                                                                                            [I 2025-05-30 04:21:09,410] Trial 25 pruned. 
Best trial: 11. Best value: 0.504478:  50%|█████     | 25/50 [16:10:44<8:11:53, 1180.52s/it]Best trial: 11. Best value: 0.504478:  50%|█████     | 25/50 [16:10:44<8:11:53, 1180.52s/it]Best trial: 11. Best value: 0.504478:  52%|█████▏    | 26/50 [16:10:44<7:46:38, 1166.58s/it]26: subject=58, corr=0.23483687755899038
                                                                                            [I 2025-05-30 05:10:39,957] Trial 26 pruned. 
Best trial: 11. Best value: 0.504478:  52%|█████▏    | 26/50 [17:00:14<7:46:38, 1166.58s/it]Best trial: 11. Best value: 0.504478:  52%|█████▏    | 26/50 [17:00:15<7:46:38, 1166.58s/it]Best trial: 11. Best value: 0.504478:  54%|█████▍    | 27/50 [17:00:15<10:54:39, 1707.81s/it]27: subject=18, corr=0.2576124594705865
                                                                                             [I 2025-05-30 05:48:51,790] Trial 27 pruned. 
Best trial: 11. Best value: 0.504478:  54%|█████▍    | 27/50 [17:38:26<10:54:39, 1707.81s/it]Best trial: 11. Best value: 0.504478:  54%|█████▍    | 27/50 [17:38:26<10:54:39, 1707.81s/it]Best trial: 11. Best value: 0.504478:  56%|█████▌    | 28/50 [17:38:26<11:30:26, 1883.02s/it]28: subject=68, corr=0.1399604396655076
                                                                                             [I 2025-05-30 06:14:56,236] Trial 28 pruned. 
Best trial: 11. Best value: 0.504478:  56%|█████▌    | 28/50 [18:04:31<11:30:26, 1883.02s/it]Best trial: 11. Best value: 0.504478:  56%|█████▌    | 28/50 [18:04:31<11:30:26, 1883.02s/it]Best trial: 11. Best value: 0.504478:  58%|█████▊    | 29/50 [18:04:31<10:25:36, 1787.45s/it]29: subject=20, corr=0.2152245024426913
                                                                                             [I 2025-05-30 06:24:39,142] Trial 29 pruned. 
Best trial: 11. Best value: 0.504478:  58%|█████▊    | 29/50 [18:14:14<10:25:36, 1787.45s/it]Best trial: 11. Best value: 0.504478:  58%|█████▊    | 29/50 [18:14:14<10:25:36, 1787.45s/it]Best trial: 11. Best value: 0.504478:  60%|██████    | 30/50 [18:14:14<7:55:21, 1426.08s/it] 30: subject=65, corr=0.390048355188026
                                                                                            [I 2025-05-30 07:09:58,042] Trial 30 pruned. 
Best trial: 11. Best value: 0.504478:  60%|██████    | 30/50 [18:59:33<7:55:21, 1426.08s/it]Best trial: 11. Best value: 0.504478:  60%|██████    | 30/50 [18:59:33<7:55:21, 1426.08s/it]Best trial: 11. Best value: 0.504478:  62%|██████▏   | 31/50 [18:59:33<9:34:24, 1813.93s/it]31: subject=64, corr=0.4602185927874124
                                                                                            [I 2025-05-30 07:33:16,530] Trial 31 finished with value: 0.4602185927874124 and parameters: {'g': 65.67218080305386, 'step_size': 0.07033052757997206, 'chunk': 30, 'lr': 0.09983675297770728, 'lambda_rate': 0.07121188810430859, 'lambda_spec': 0.09461392974818668, 'lambda_disp': 0.017895529800415803}. Best is trial 11 with value: 0.5044782428243065.
Best trial: 11. Best value: 0.504478:  62%|██████▏   | 31/50 [19:22:51<9:34:24, 1813.93s/it]Best trial: 11. Best value: 0.504478:  62%|██████▏   | 31/50 [19:22:51<9:34:24, 1813.93s/it]Best trial: 11. Best value: 0.504478:  64%|██████▍   | 32/50 [19:22:51<8:26:47, 1689.30s/it]32: subject=27, corr=0.29903589923703044
                                                                                            [I 2025-05-30 07:54:31,282] Trial 32 pruned. 
Best trial: 11. Best value: 0.504478:  64%|██████▍   | 32/50 [19:44:06<8:26:47, 1689.30s/it]Best trial: 11. Best value: 0.504478:  64%|██████▍   | 32/50 [19:44:06<8:26:47, 1689.30s/it]Best trial: 11. Best value: 0.504478:  66%|██████▌   | 33/50 [19:44:06<7:23:24, 1564.94s/it]33: subject=25, corr=0.06893364077604931
                                                                                            [I 2025-05-30 08:26:32,290] Trial 33 pruned. 
Best trial: 11. Best value: 0.504478:  66%|██████▌   | 33/50 [20:16:07<7:23:24, 1564.94s/it]Best trial: 11. Best value: 0.504478:  66%|██████▌   | 33/50 [20:16:07<7:23:24, 1564.94s/it]Best trial: 11. Best value: 0.504478:  68%|██████▊   | 34/50 [20:16:07<7:25:48, 1671.75s/it]34: subject=37, corr=0.3907277758580608
